{"/Volumes/Development/firebase-queue/src/queue.js":{"path":"/Volumes/Development/firebase-queue/src/queue.js","statementMap":{"0":{"start":{"line":2,"column":25},"end":{"line":2,"column":53}},"1":{"start":{"line":3,"column":51},"end":{"line":3,"column":80}},"2":{"start":{"line":5,"column":0},"end":{"line":5,"column":32}},"3":{"start":{"line":7,"column":35},"end":{"line":7,"column":40}},"4":{"start":{"line":29,"column":15},"end":{"line":29,"column":73}},"5":{"start":{"line":31,"column":2},"end":{"line":32,"column":44}},"6":{"start":{"line":34,"column":2},"end":{"line":35,"column":37}},"7":{"start":{"line":37,"column":2},"end":{"line":38,"column":37}},"8":{"start":{"line":40,"column":2},"end":{"line":41,"column":52}},"9":{"start":{"line":43,"column":2},"end":{"line":44,"column":80}},"10":{"start":{"line":46,"column":2},"end":{"line":47,"column":102}},"11":{"start":{"line":49,"column":2},"end":{"line":50,"column":113}},"12":{"start":{"line":52,"column":2},"end":{"line":53,"column":52}},"13":{"start":{"line":55,"column":2},"end":{"line":56,"column":67}},"14":{"start":{"line":58,"column":2},"end":{"line":59,"column":63}},"15":{"start":{"line":61,"column":22},"end":{"line":61,"column":49}},"16":{"start":{"line":62,"column":18},"end":{"line":62,"column":37}},"17":{"start":{"line":63,"column":16},"end":{"line":63,"column":55}},"18":{"start":{"line":64,"column":24},"end":{"line":64,"column":28}},"19":{"start":{"line":65,"column":15},"end":{"line":65,"column":20}},"20":{"start":{"line":67,"column":14},"end":{"line":69,"column":23}},"21":{"start":{"line":71,"column":16},"end":{"line":71,"column":31}},"22":{"start":{"line":73,"column":2},"end":{"line":73,"column":50}},"23":{"start":{"line":74,"column":2},"end":{"line":74,"column":46}},"24":{"start":{"line":75,"column":2},"end":{"line":75,"column":36}},"25":{"start":{"line":76,"column":2},"end":{"line":76,"column":30}},"26":{"start":{"line":78,"column":2},"end":{"line":84,"column":3}},"27":{"start":{"line":83,"column":20},"end":{"line":83,"column":26}},"28":{"start":{"line":87,"column":4},"end":{"line":87,"column":47}},"29":{"start":{"line":87,"column":25},"end":{"line":87,"column":47}},"30":{"start":{"line":88,"column":4},"end":{"line":88,"column":75}},"31":{"start":{"line":88,"column":56},"end":{"line":88,"column":73}},"32":{"start":{"line":89,"column":19},"end":{"line":89,"column":40}},"33":{"start":{"line":90,"column":4},"end":{"line":90,"column":18}},"34":{"start":{"line":91,"column":4},"end":{"line":91,"column":37}},"35":{"start":{"line":92,"column":4},"end":{"line":92,"column":39}},"36":{"start":{"line":93,"column":4},"end":{"line":93,"column":38}},"37":{"start":{"line":94,"column":4},"end":{"line":94,"column":17}},"38":{"start":{"line":98,"column":4},"end":{"line":98,"column":22}},"39":{"start":{"line":98,"column":16},"end":{"line":98,"column":22}},"40":{"start":{"line":99,"column":4},"end":{"line":99,"column":17}},"41":{"start":{"line":100,"column":4},"end":{"line":100,"column":35}},"42":{"start":{"line":101,"column":4},"end":{"line":101,"column":32}},"43":{"start":{"line":102,"column":4},"end":{"line":104,"column":5}},"44":{"start":{"line":103,"column":6},"end":{"line":103,"column":52}},"45":{"start":{"line":103,"column":12},"end":{"line":103,"column":37}},"46":{"start":{"line":108,"column":4},"end":{"line":108,"column":23}},"47":{"start":{"line":108,"column":17},"end":{"line":108,"column":23}},"48":{"start":{"line":109,"column":4},"end":{"line":109,"column":18}},"49":{"start":{"line":110,"column":4},"end":{"line":110,"column":39}},"50":{"start":{"line":110,"column":29},"end":{"line":110,"column":39}},"51":{"start":{"line":111,"column":4},"end":{"line":111,"column":36}},"52":{"start":{"line":112,"column":4},"end":{"line":112,"column":32}},"53":{"start":{"line":113,"column":4},"end":{"line":115,"column":5}},"54":{"start":{"line":114,"column":6},"end":{"line":114,"column":53}},"55":{"start":{"line":114,"column":12},"end":{"line":114,"column":38}},"56":{"start":{"line":119,"column":24},"end":{"line":119,"column":76}},"57":{"start":{"line":119,"column":54},"end":{"line":119,"column":64}},"58":{"start":{"line":120,"column":4},"end":{"line":127,"column":5}},"59":{"start":{"line":131,"column":4},"end":{"line":147,"column":5}},"60":{"start":{"line":132,"column":6},"end":{"line":146,"column":8}},"61":{"start":{"line":144,"column":24},"end":{"line":144,"column":30}},"62":{"start":{"line":153,"column":25},"end":{"line":153,"column":55}},"63":{"start":{"line":154,"column":28},"end":{"line":154,"column":110}},"64":{"start":{"line":155,"column":23},"end":{"line":155,"column":51}},"65":{"start":{"line":156,"column":21},"end":{"line":156,"column":38}},"66":{"start":{"line":157,"column":18},"end":{"line":157,"column":37}},"67":{"start":{"line":157,"column":30},"end":{"line":157,"column":37}},"68":{"start":{"line":158,"column":32},"end":{"line":158,"column":85}},"69":{"start":{"line":161,"column":18},"end":{"line":161,"column":39}},"70":{"start":{"line":162,"column":13},"end":{"line":162,"column":42}},"71":{"start":{"line":163,"column":16},"end":{"line":169,"column":3}},"72":{"start":{"line":164,"column":21},"end":{"line":167,"column":5}},"73":{"start":{"line":165,"column":27},"end":{"line":165,"column":49}},"74":{"start":{"line":170,"column":2},"end":{"line":170,"column":38}},"75":{"start":{"line":170,"column":14},"end":{"line":170,"column":38}},"76":{"start":{"line":176,"column":2},"end":{"line":176,"column":25}},"77":{"start":{"line":176,"column":14},"end":{"line":176,"column":25}},"78":{"start":{"line":184,"column":6},"end":{"line":184,"column":11}},"79":{"start":{"line":186,"column":2},"end":{"line":192,"column":3}},"80":{"start":{"line":196,"column":21},"end":{"line":200,"column":3}},"81":{"start":{"line":197,"column":33},"end":{"line":197,"column":40}},"82":{"start":{"line":198,"column":34},"end":{"line":198,"column":51}},"83":{"start":{"line":199,"column":39},"end":{"line":199,"column":69}},"84":{"start":{"line":201,"column":2},"end":{"line":201,"column":51}}},"fnMap":{"0":{"name":"createQueue","decl":{"start":{"line":9,"column":9},"end":{"line":9,"column":20}},"loc":{"start":{"line":28,"column":3},"end":{"line":149,"column":1}},"line":28},"1":{"name":"(anonymous_1)","decl":{"start":{"line":83,"column":14},"end":{"line":83,"column":15}},"loc":{"start":{"line":83,"column":20},"end":{"line":83,"column":26}},"line":83},"2":{"name":"shutdown","decl":{"start":{"line":86,"column":17},"end":{"line":86,"column":25}},"loc":{"start":{"line":86,"column":28},"end":{"line":95,"column":3}},"line":86},"3":{"name":"(anonymous_3)","decl":{"start":{"line":88,"column":46},"end":{"line":88,"column":47}},"loc":{"start":{"line":88,"column":56},"end":{"line":88,"column":73}},"line":88},"4":{"name":"pause","decl":{"start":{"line":97,"column":11},"end":{"line":97,"column":16}},"loc":{"start":{"line":97,"column":19},"end":{"line":105,"column":3}},"line":97},"5":{"name":"resume","decl":{"start":{"line":107,"column":11},"end":{"line":107,"column":17}},"loc":{"start":{"line":107,"column":20},"end":{"line":116,"column":3}},"line":107},"6":{"name":"getStats","decl":{"start":{"line":118,"column":11},"end":{"line":118,"column":19}},"loc":{"start":{"line":118,"column":22},"end":{"line":128,"column":3}},"line":118},"7":{"name":"(anonymous_7)","decl":{"start":{"line":119,"column":49},"end":{"line":119,"column":50}},"loc":{"start":{"line":119,"column":54},"end":{"line":119,"column":64}},"line":119},"8":{"name":"createWorkers","decl":{"start":{"line":130,"column":11},"end":{"line":130,"column":24}},"loc":{"start":{"line":130,"column":27},"end":{"line":148,"column":3}},"line":130},"9":{"name":"(anonymous_9)","decl":{"start":{"line":131,"column":45},"end":{"line":131,"column":46}},"loc":{"start":{"line":132,"column":6},"end":{"line":146,"column":8}},"line":132},"10":{"name":"(anonymous_10)","decl":{"start":{"line":144,"column":18},"end":{"line":144,"column":19}},"loc":{"start":{"line":144,"column":24},"end":{"line":144,"column":30}},"line":144},"11":{"name":"isFunction","decl":{"start":{"line":153,"column":9},"end":{"line":153,"column":19}},"loc":{"start":{"line":153,"column":23},"end":{"line":153,"column":57}},"line":153},"12":{"name":"isFirebaseRef","decl":{"start":{"line":154,"column":9},"end":{"line":154,"column":22}},"loc":{"start":{"line":154,"column":26},"end":{"line":154,"column":112}},"line":154},"13":{"name":"isString","decl":{"start":{"line":155,"column":9},"end":{"line":155,"column":17}},"loc":{"start":{"line":155,"column":21},"end":{"line":155,"column":53}},"line":155},"14":{"name":"isNull","decl":{"start":{"line":156,"column":9},"end":{"line":156,"column":15}},"loc":{"start":{"line":156,"column":19},"end":{"line":156,"column":40}},"line":156},"15":{"name":"not","decl":{"start":{"line":157,"column":9},"end":{"line":157,"column":12}},"loc":{"start":{"line":157,"column":16},"end":{"line":157,"column":39}},"line":157},"16":{"name":"(anonymous_16)","decl":{"start":{"line":157,"column":25},"end":{"line":157,"column":26}},"loc":{"start":{"line":157,"column":30},"end":{"line":157,"column":37}},"line":157},"17":{"name":"isPositiveInteger","decl":{"start":{"line":158,"column":9},"end":{"line":158,"column":26}},"loc":{"start":{"line":158,"column":30},"end":{"line":158,"column":87}},"line":158},"18":{"name":"check","decl":{"start":{"line":160,"column":9},"end":{"line":160,"column":14}},"loc":{"start":{"line":160,"column":29},"end":{"line":171,"column":1}},"line":160},"19":{"name":"(anonymous_19)","decl":{"start":{"line":164,"column":4},"end":{"line":164,"column":5}},"loc":{"start":{"line":164,"column":21},"end":{"line":167,"column":5}},"line":164},"20":{"name":"(anonymous_20)","decl":{"start":{"line":165,"column":6},"end":{"line":165,"column":7}},"loc":{"start":{"line":165,"column":27},"end":{"line":165,"column":49}},"line":165},"21":{"name":"normalizeRetryConfig","decl":{"start":{"line":175,"column":9},"end":{"line":175,"column":29}},"loc":{"start":{"line":175,"column":37},"end":{"line":193,"column":1}},"line":175},"22":{"name":"getBackoffStrategy","decl":{"start":{"line":195,"column":9},"end":{"line":195,"column":27}},"loc":{"start":{"line":195,"column":34},"end":{"line":202,"column":1}},"line":195},"23":{"name":"(anonymous_23)","decl":{"start":{"line":197,"column":11},"end":{"line":197,"column":12}},"loc":{"start":{"line":197,"column":33},"end":{"line":197,"column":40}},"line":197},"24":{"name":"(anonymous_24)","decl":{"start":{"line":198,"column":12},"end":{"line":198,"column":13}},"loc":{"start":{"line":198,"column":34},"end":{"line":198,"column":51}},"line":198},"25":{"name":"(anonymous_25)","decl":{"start":{"line":199,"column":17},"end":{"line":199,"column":18}},"loc":{"start":{"line":199,"column":39},"end":{"line":199,"column":69}},"line":199}},"branchMap":{"0":{"loc":{"start":{"line":13,"column":11},"end":{"line":27,"column":8}},"type":"default-arg","locations":[{"start":{"line":27,"column":6},"end":{"line":27,"column":8}}],"line":13},"1":{"loc":{"start":{"line":14,"column":10},"end":{"line":19,"column":10}},"type":"default-arg","locations":[{"start":{"line":19,"column":8},"end":{"line":19,"column":10}}],"line":14},"2":{"loc":{"start":{"line":15,"column":6},"end":{"line":15,"column":23}},"type":"default-arg","locations":[{"start":{"line":15,"column":19},"end":{"line":15,"column":23}}],"line":15},"3":{"loc":{"start":{"line":16,"column":6},"end":{"line":16,"column":37}},"type":"default-arg","locations":[{"start":{"line":16,"column":24},"end":{"line":16,"column":37}}],"line":16},"4":{"loc":{"start":{"line":17,"column":6},"end":{"line":17,"column":26}},"type":"default-arg","locations":[{"start":{"line":17,"column":22},"end":{"line":17,"column":26}}],"line":17},"5":{"loc":{"start":{"line":18,"column":6},"end":{"line":18,"column":26}},"type":"default-arg","locations":[{"start":{"line":18,"column":19},"end":{"line":18,"column":26}}],"line":18},"6":{"loc":{"start":{"line":20,"column":4},"end":{"line":20,"column":30}},"type":"default-arg","locations":[{"start":{"line":20,"column":26},"end":{"line":20,"column":30}}],"line":20},"7":{"loc":{"start":{"line":21,"column":4},"end":{"line":21,"column":18}},"type":"default-arg","locations":[{"start":{"line":21,"column":17},"end":{"line":21,"column":18}}],"line":21},"8":{"loc":{"start":{"line":22,"column":4},"end":{"line":22,"column":50}},"type":"default-arg","locations":[{"start":{"line":22,"column":24},"end":{"line":22,"column":50}}],"line":22},"9":{"loc":{"start":{"line":23,"column":4},"end":{"line":23,"column":20}},"type":"default-arg","locations":[{"start":{"line":23,"column":16},"end":{"line":23,"column":20}}],"line":23},"10":{"loc":{"start":{"line":24,"column":4},"end":{"line":24,"column":16}},"type":"default-arg","locations":[{"start":{"line":24,"column":12},"end":{"line":24,"column":16}}],"line":24},"11":{"loc":{"start":{"line":25,"column":4},"end":{"line":25,"column":24}},"type":"default-arg","locations":[{"start":{"line":25,"column":20},"end":{"line":25,"column":24}}],"line":25},"12":{"loc":{"start":{"line":26,"column":19},"end":{"line":26,"column":45}},"type":"default-arg","locations":[{"start":{"line":26,"column":41},"end":{"line":26,"column":45}}],"line":26},"13":{"loc":{"start":{"line":67,"column":14},"end":{"line":69,"column":23}},"type":"cond-expr","locations":[{"start":{"line":68,"column":6},"end":{"line":68,"column":62}},{"start":{"line":69,"column":6},"end":{"line":69,"column":23}}],"line":67},"14":{"loc":{"start":{"line":87,"column":4},"end":{"line":87,"column":47}},"type":"if","locations":[{"start":{"line":87,"column":4},"end":{"line":87,"column":47}},{"start":{"line":87,"column":4},"end":{"line":87,"column":47}}],"line":87},"15":{"loc":{"start":{"line":98,"column":4},"end":{"line":98,"column":22}},"type":"if","locations":[{"start":{"line":98,"column":4},"end":{"line":98,"column":22}},{"start":{"line":98,"column":4},"end":{"line":98,"column":22}}],"line":98},"16":{"loc":{"start":{"line":102,"column":4},"end":{"line":104,"column":5}},"type":"if","locations":[{"start":{"line":102,"column":4},"end":{"line":104,"column":5}},{"start":{"line":102,"column":4},"end":{"line":104,"column":5}}],"line":102},"17":{"loc":{"start":{"line":108,"column":4},"end":{"line":108,"column":23}},"type":"if","locations":[{"start":{"line":108,"column":4},"end":{"line":108,"column":23}},{"start":{"line":108,"column":4},"end":{"line":108,"column":23}}],"line":108},"18":{"loc":{"start":{"line":113,"column":4},"end":{"line":115,"column":5}},"type":"if","locations":[{"start":{"line":113,"column":4},"end":{"line":115,"column":5}},{"start":{"line":113,"column":4},"end":{"line":115,"column":5}}],"line":113},"19":{"loc":{"start":{"line":119,"column":24},"end":{"line":119,"column":76}},"type":"cond-expr","locations":[{"start":{"line":119,"column":34},"end":{"line":119,"column":72}},{"start":{"line":119,"column":75},"end":{"line":119,"column":76}}],"line":119},"20":{"loc":{"start":{"line":154,"column":35},"end":{"line":154,"column":110}},"type":"binary-expr","locations":[{"start":{"line":154,"column":35},"end":{"line":154,"column":36}},{"start":{"line":154,"column":40},"end":{"line":154,"column":110}}],"line":154},"21":{"loc":{"start":{"line":158,"column":39},"end":{"line":158,"column":85}},"type":"binary-expr","locations":[{"start":{"line":158,"column":39},"end":{"line":158,"column":60}},{"start":{"line":158,"column":64},"end":{"line":158,"column":70}},{"start":{"line":158,"column":74},"end":{"line":158,"column":85}}],"line":158},"22":{"loc":{"start":{"line":164,"column":21},"end":{"line":167,"column":5}},"type":"binary-expr","locations":[{"start":{"line":164,"column":21},"end":{"line":164,"column":27}},{"start":{"line":164,"column":31},"end":{"line":167,"column":5}}],"line":164},"23":{"loc":{"start":{"line":165,"column":27},"end":{"line":165,"column":49}},"type":"binary-expr","locations":[{"start":{"line":165,"column":27},"end":{"line":165,"column":33}},{"start":{"line":165,"column":37},"end":{"line":165,"column":49}}],"line":165},"24":{"loc":{"start":{"line":170,"column":2},"end":{"line":170,"column":38}},"type":"if","locations":[{"start":{"line":170,"column":2},"end":{"line":170,"column":38}},{"start":{"line":170,"column":2},"end":{"line":170,"column":38}}],"line":170},"25":{"loc":{"start":{"line":176,"column":2},"end":{"line":176,"column":25}},"type":"if","locations":[{"start":{"line":176,"column":2},"end":{"line":176,"column":25}},{"start":{"line":176,"column":2},"end":{"line":176,"column":25}}],"line":176},"26":{"loc":{"start":{"line":179,"column":4},"end":{"line":179,"column":19}},"type":"default-arg","locations":[{"start":{"line":179,"column":18},"end":{"line":179,"column":19}}],"line":179},"27":{"loc":{"start":{"line":180,"column":4},"end":{"line":180,"column":27}},"type":"default-arg","locations":[{"start":{"line":180,"column":14},"end":{"line":180,"column":27}}],"line":180},"28":{"loc":{"start":{"line":181,"column":4},"end":{"line":181,"column":25}},"type":"default-arg","locations":[{"start":{"line":181,"column":21},"end":{"line":181,"column":25}}],"line":181},"29":{"loc":{"start":{"line":182,"column":4},"end":{"line":182,"column":31}},"type":"default-arg","locations":[{"start":{"line":182,"column":17},"end":{"line":182,"column":31}}],"line":182},"30":{"loc":{"start":{"line":183,"column":4},"end":{"line":183,"column":26}},"type":"default-arg","locations":[{"start":{"line":183,"column":22},"end":{"line":183,"column":26}}],"line":183},"31":{"loc":{"start":{"line":188,"column":13},"end":{"line":188,"column":82}},"type":"cond-expr","locations":[{"start":{"line":188,"column":45},"end":{"line":188,"column":52}},{"start":{"line":188,"column":55},"end":{"line":188,"column":82}}],"line":188},"32":{"loc":{"start":{"line":201,"column":9},"end":{"line":201,"column":51}},"type":"binary-expr","locations":[{"start":{"line":201,"column":9},"end":{"line":201,"column":25}},{"start":{"line":201,"column":29},"end":{"line":201,"column":51}}],"line":201}},"s":{"0":1,"1":1,"2":1,"3":1,"4":82,"5":82,"6":80,"7":78,"8":76,"9":74,"10":72,"11":69,"12":64,"13":58,"14":58,"15":58,"16":58,"17":58,"18":58,"19":58,"20":58,"21":58,"22":58,"23":58,"24":58,"25":58,"26":58,"27":3,"28":109,"29":51,"30":58,"31":62,"32":58,"33":58,"34":58,"35":58,"36":58,"37":58,"38":2,"39":0,"40":2,"41":2,"42":2,"43":2,"44":1,"45":1,"46":2,"47":0,"48":2,"49":2,"50":2,"51":2,"52":2,"53":2,"54":1,"55":1,"56":1,"57":1,"58":1,"59":58,"60":62,"61":192,"62":559,"63":82,"64":160,"65":262,"66":425,"67":218,"68":122,"69":711,"70":711,"71":711,"72":973,"73":1015,"74":711,"75":24,"76":58,"77":53,"78":5,"79":5,"80":5,"81":4,"82":0,"83":0,"84":5},"f":{"0":82,"1":3,"2":109,"3":62,"4":2,"5":2,"6":1,"7":1,"8":58,"9":62,"10":192,"11":559,"12":82,"13":160,"14":262,"15":425,"16":218,"17":122,"18":711,"19":973,"20":1015,"21":58,"22":5,"23":4,"24":0,"25":0},"b":{"0":[45],"1":[61],"2":[76],"3":[79],"4":[73],"5":[76],"6":[80],"7":[72],"8":[82],"9":[80],"10":[77],"11":[82],"12":[82],"13":[0,58],"14":[51,58],"15":[0,2],"16":[1,1],"17":[0,2],"18":[1,1],"19":[1,0],"20":[82,81],"21":[122,120,117],"22":[973,784],"23":[1015,1002],"24":[24,687],"25":[53,5],"26":[0],"27":[1],"28":[1],"29":[5],"30":[4],"31":[0,5],"32":[5,0]},"_coverageSchema":"1a1c01bbd47fc00a2c39e90264f33305004495a9","hash":"67bad499073265140eb34e920264653937ef4826","contentHash":"58c43aa72f55835778be19fb0ba1413708daca81856548e6b289107b322c6d1f"},"/Volumes/Development/firebase-queue/src/queue_worker.js":{"path":"/Volumes/Development/firebase-queue/src/queue_worker.js","statementMap":{"0":{"start":{"line":2,"column":36},"end":{"line":2,"column":67}},"1":{"start":{"line":10,"column":4},"end":{"line":10,"column":29}},"2":{"start":{"line":12,"column":0},"end":{"line":12,"column":33}},"3":{"start":{"line":15,"column":16},"end":{"line":15,"column":41}},"4":{"start":{"line":17,"column":2},"end":{"line":17,"column":24}},"5":{"start":{"line":19,"column":2},"end":{"line":23,"column":3}},"6":{"start":{"line":20,"column":20},"end":{"line":20,"column":41}},"7":{"start":{"line":21,"column":18},"end":{"line":21,"column":28}},"8":{"start":{"line":22,"column":18},"end":{"line":22,"column":37}},"9":{"start":{"line":29,"column":177},"end":{"line":29,"column":183}},"10":{"start":{"line":30,"column":25},"end":{"line":30,"column":29}},"11":{"start":{"line":32,"column":2},"end":{"line":62,"column":3}},"12":{"start":{"line":68,"column":2},"end":{"line":71,"column":3}},"13":{"start":{"line":69,"column":4},"end":{"line":69,"column":26}},"14":{"start":{"line":70,"column":4},"end":{"line":70,"column":31}},"15":{"start":{"line":75,"column":2},"end":{"line":79,"column":3}},"16":{"start":{"line":76,"column":4},"end":{"line":77,"column":61}},"17":{"start":{"line":76,"column":29},"end":{"line":76,"column":59}},"18":{"start":{"line":77,"column":18},"end":{"line":77,"column":60}},"19":{"start":{"line":77,"column":37},"end":{"line":77,"column":59}},"20":{"start":{"line":78,"column":4},"end":{"line":78,"column":10}},"21":{"start":{"line":80,"column":2},"end":{"line":80,"column":111}},"22":{"start":{"line":80,"column":49},"end":{"line":80,"column":91}},"23":{"start":{"line":84,"column":2},"end":{"line":84,"column":37}},"24":{"start":{"line":88,"column":2},"end":{"line":88,"column":31}},"25":{"start":{"line":90,"column":2},"end":{"line":90,"column":19}},"26":{"start":{"line":91,"column":2},"end":{"line":91,"column":60}},"27":{"start":{"line":92,"column":2},"end":{"line":92,"column":20}},"28":{"start":{"line":94,"column":2},"end":{"line":95,"column":49}},"29":{"start":{"line":94,"column":29},"end":{"line":94,"column":50}},"30":{"start":{"line":95,"column":7},"end":{"line":95,"column":49}},"31":{"start":{"line":95,"column":26},"end":{"line":95,"column":48}},"32":{"start":{"line":99,"column":32},"end":{"line":99,"column":74}},"33":{"start":{"line":100,"column":34},"end":{"line":100,"column":72}},"34":{"start":{"line":102,"column":2},"end":{"line":117,"column":3}},"35":{"start":{"line":103,"column":4},"end":{"line":103,"column":51}},"36":{"start":{"line":105,"column":19},"end":{"line":105,"column":31}},"37":{"start":{"line":107,"column":4},"end":{"line":110,"column":5}},"38":{"start":{"line":108,"column":6},"end":{"line":108,"column":93}},"39":{"start":{"line":109,"column":6},"end":{"line":109,"column":87}},"40":{"start":{"line":112,"column":4},"end":{"line":114,"column":5}},"41":{"start":{"line":113,"column":6},"end":{"line":113,"column":81}},"42":{"start":{"line":113,"column":12},"end":{"line":113,"column":66}},"43":{"start":{"line":116,"column":4},"end":{"line":116,"column":39}},"44":{"start":{"line":121,"column":31},"end":{"line":121,"column":39}},"45":{"start":{"line":122,"column":20},"end":{"line":122,"column":58}},"46":{"start":{"line":123,"column":20},"end":{"line":123,"column":97}},"47":{"start":{"line":125,"column":15},"end":{"line":125,"column":29}},"48":{"start":{"line":126,"column":2},"end":{"line":126,"column":29}},"49":{"start":{"line":128,"column":18},"end":{"line":137,"column":4}},"50":{"start":{"line":140,"column":36},"end":{"line":140,"column":99}},"51":{"start":{"line":141,"column":4},"end":{"line":143,"column":5}},"52":{"start":{"line":142,"column":6},"end":{"line":142,"column":138}},"53":{"start":{"line":146,"column":2},"end":{"line":153,"column":3}},"54":{"start":{"line":147,"column":20},"end":{"line":147,"column":76}},"55":{"start":{"line":148,"column":4},"end":{"line":148,"column":20}},"56":{"start":{"line":149,"column":4},"end":{"line":149,"column":46}},"57":{"start":{"line":151,"column":4},"end":{"line":151,"column":20}},"58":{"start":{"line":152,"column":4},"end":{"line":152,"column":44}},"59":{"start":{"line":160,"column":2},"end":{"line":160,"column":75}},"60":{"start":{"line":162,"column":2},"end":{"line":162,"column":42}},"61":{"start":{"line":164,"column":2},"end":{"line":167,"column":3}},"62":{"start":{"line":165,"column":4},"end":{"line":165,"column":26}},"63":{"start":{"line":166,"column":4},"end":{"line":166,"column":31}},"64":{"start":{"line":169,"column":2},"end":{"line":169,"column":40}},"65":{"start":{"line":169,"column":19},"end":{"line":169,"column":40}},"66":{"start":{"line":171,"column":2},"end":{"line":171,"column":38}},"67":{"start":{"line":175,"column":2},"end":{"line":175,"column":31}},"68":{"start":{"line":176,"column":2},"end":{"line":176,"column":33}}},"fnMap":{"0":{"name":"createWorker","decl":{"start":{"line":14,"column":9},"end":{"line":14,"column":21}},"loc":{"start":{"line":14,"column":30},"end":{"line":24,"column":1}},"line":14},"1":{"name":"(anonymous_1)","decl":{"start":{"line":20,"column":14},"end":{"line":20,"column":15}},"loc":{"start":{"line":20,"column":20},"end":{"line":20,"column":41}},"line":20},"2":{"name":"(anonymous_2)","decl":{"start":{"line":21,"column":12},"end":{"line":21,"column":13}},"loc":{"start":{"line":21,"column":18},"end":{"line":21,"column":28}},"line":21},"3":{"name":"(anonymous_3)","decl":{"start":{"line":22,"column":12},"end":{"line":22,"column":13}},"loc":{"start":{"line":22,"column":18},"end":{"line":22,"column":37}},"line":22},"4":{"name":"createWorkerState","decl":{"start":{"line":28,"column":9},"end":{"line":28,"column":26}},"loc":{"start":{"line":28,"column":35},"end":{"line":63,"column":1}},"line":28},"5":{"name":"signalResume","decl":{"start":{"line":67,"column":9},"end":{"line":67,"column":21}},"loc":{"start":{"line":67,"column":29},"end":{"line":72,"column":1}},"line":67},"6":{"name":"waitForNextTask","decl":{"start":{"line":74,"column":9},"end":{"line":74,"column":24}},"loc":{"start":{"line":74,"column":32},"end":{"line":81,"column":1}},"line":74},"7":{"name":"(anonymous_7)","decl":{"start":{"line":76,"column":16},"end":{"line":76,"column":17}},"loc":{"start":{"line":76,"column":27},"end":{"line":76,"column":61}},"line":76},"8":{"name":"(anonymous_8)","decl":{"start":{"line":77,"column":12},"end":{"line":77,"column":13}},"loc":{"start":{"line":77,"column":18},"end":{"line":77,"column":60}},"line":77},"9":{"name":"(anonymous_9)","decl":{"start":{"line":77,"column":31},"end":{"line":77,"column":32}},"loc":{"start":{"line":77,"column":37},"end":{"line":77,"column":59}},"line":77},"10":{"name":"(anonymous_10)","decl":{"start":{"line":80,"column":37},"end":{"line":80,"column":38}},"loc":{"start":{"line":80,"column":49},"end":{"line":80,"column":91}},"line":80},"11":{"name":"stopWaitingForNextTask","decl":{"start":{"line":83,"column":9},"end":{"line":83,"column":31}},"loc":{"start":{"line":83,"column":39},"end":{"line":85,"column":1}},"line":83},"12":{"name":"tryToProcessAndCatchError","decl":{"start":{"line":87,"column":15},"end":{"line":87,"column":40}},"loc":{"start":{"line":87,"column":57},"end":{"line":96,"column":1}},"line":87},"13":{"name":"(anonymous_13)","decl":{"start":{"line":95,"column":20},"end":{"line":95,"column":21}},"loc":{"start":{"line":95,"column":26},"end":{"line":95,"column":48}},"line":95},"14":{"name":"claimAndProcess","decl":{"start":{"line":98,"column":15},"end":{"line":98,"column":30}},"loc":{"start":{"line":98,"column":43},"end":{"line":118,"column":1}},"line":98},"15":{"name":"processTask$","decl":{"start":{"line":120,"column":15},"end":{"line":120,"column":27}},"loc":{"start":{"line":120,"column":45},"end":{"line":154,"column":1}},"line":120},"16":{"name":"setProgress","decl":{"start":{"line":139,"column":17},"end":{"line":139,"column":28}},"loc":{"start":{"line":139,"column":39},"end":{"line":144,"column":3}},"line":139},"17":{"name":"workerShutdown","decl":{"start":{"line":158,"column":15},"end":{"line":158,"column":29}},"loc":{"start":{"line":158,"column":37},"end":{"line":172,"column":1}},"line":158},"18":{"name":"finishShutdown","decl":{"start":{"line":174,"column":9},"end":{"line":174,"column":23}},"loc":{"start":{"line":174,"column":31},"end":{"line":177,"column":1}},"line":174}},"branchMap":{"0":{"loc":{"start":{"line":68,"column":2},"end":{"line":71,"column":3}},"type":"if","locations":[{"start":{"line":68,"column":2},"end":{"line":71,"column":3}},{"start":{"line":68,"column":2},"end":{"line":71,"column":3}}],"line":68},"1":{"loc":{"start":{"line":75,"column":2},"end":{"line":79,"column":3}},"type":"if","locations":[{"start":{"line":75,"column":2},"end":{"line":79,"column":3}},{"start":{"line":75,"column":2},"end":{"line":79,"column":3}}],"line":75},"2":{"loc":{"start":{"line":94,"column":2},"end":{"line":95,"column":49}},"type":"if","locations":[{"start":{"line":94,"column":2},"end":{"line":95,"column":49}},{"start":{"line":94,"column":2},"end":{"line":95,"column":49}}],"line":94},"3":{"loc":{"start":{"line":102,"column":2},"end":{"line":117,"column":3}},"type":"if","locations":[{"start":{"line":102,"column":2},"end":{"line":117,"column":3}},{"start":{"line":102,"column":2},"end":{"line":117,"column":3}}],"line":102},"4":{"loc":{"start":{"line":102,"column":6},"end":{"line":102,"column":36}},"type":"binary-expr","locations":[{"start":{"line":102,"column":6},"end":{"line":102,"column":15}},{"start":{"line":102,"column":19},"end":{"line":102,"column":36}}],"line":102},"5":{"loc":{"start":{"line":107,"column":4},"end":{"line":110,"column":5}},"type":"if","locations":[{"start":{"line":107,"column":4},"end":{"line":110,"column":5}},{"start":{"line":107,"column":4},"end":{"line":110,"column":5}}],"line":107},"6":{"loc":{"start":{"line":112,"column":4},"end":{"line":114,"column":5}},"type":"if","locations":[{"start":{"line":112,"column":4},"end":{"line":114,"column":5}},{"start":{"line":112,"column":4},"end":{"line":114,"column":5}}],"line":112},"7":{"loc":{"start":{"line":141,"column":4},"end":{"line":143,"column":5}},"type":"if","locations":[{"start":{"line":141,"column":4},"end":{"line":143,"column":5}},{"start":{"line":141,"column":4},"end":{"line":143,"column":5}}],"line":141},"8":{"loc":{"start":{"line":141,"column":8},"end":{"line":141,"column":40}},"type":"binary-expr","locations":[{"start":{"line":141,"column":8},"end":{"line":141,"column":18}},{"start":{"line":141,"column":22},"end":{"line":141,"column":40}}],"line":141},"9":{"loc":{"start":{"line":160,"column":2},"end":{"line":160,"column":75}},"type":"if","locations":[{"start":{"line":160,"column":2},"end":{"line":160,"column":75}}],"line":160},"10":{"loc":{"start":{"line":164,"column":2},"end":{"line":167,"column":3}},"type":"if","locations":[{"start":{"line":164,"column":2},"end":{"line":167,"column":3}},{"start":{"line":164,"column":2},"end":{"line":167,"column":3}}],"line":164},"11":{"loc":{"start":{"line":169,"column":2},"end":{"line":169,"column":40}},"type":"if","locations":[{"start":{"line":169,"column":2},"end":{"line":169,"column":40}},{"start":{"line":169,"column":2},"end":{"line":169,"column":40}}],"line":169}},"s":{"0":1,"1":1,"2":1,"3":62,"4":62,"5":62,"6":62,"7":1,"8":2,"9":62,"10":62,"11":62,"12":2,"13":1,"14":1,"15":192,"16":1,"17":1,"18":1,"19":1,"20":1,"21":191,"22":133,"23":195,"24":133,"25":133,"26":133,"27":133,"28":133,"29":4,"30":129,"31":129,"32":133,"33":133,"34":133,"35":76,"36":76,"37":76,"38":76,"39":76,"40":76,"41":0,"42":0,"43":76,"44":76,"45":76,"46":76,"47":76,"48":76,"49":76,"50":3,"51":3,"52":2,"53":76,"54":76,"55":58,"56":58,"57":23,"58":23,"59":62,"60":62,"61":62,"62":0,"63":0,"64":62,"65":58,"66":62,"67":62,"68":62},"f":{"0":62,"1":62,"2":1,"3":2,"4":62,"5":2,"6":192,"7":1,"8":1,"9":1,"10":133,"11":195,"12":133,"13":129,"14":133,"15":76,"16":3,"17":62,"18":62},"b":{"0":[1,1],"1":[1,191],"2":[4,129],"3":[76,57],"4":[133,76],"5":[76,0],"6":[0,76],"7":[2,1],"8":[3,1],"9":[62],"10":[0,62],"11":[58,4]},"_coverageSchema":"1a1c01bbd47fc00a2c39e90264f33305004495a9","hash":"3d4e2a42d5cba24dfe15d3c69637c7271296620a","contentHash":"2c0bef0c0f51bdbf81e65dc82bbd6bb4d7d11a9614d241684747a99a8014c580"},"/Volumes/Development/firebase-queue/src/transaction_helper.js":{"path":"/Volumes/Development/firebase-queue/src/transaction_helper.js","statementMap":{"0":{"start":{"line":2,"column":0},"end":{"line":2,"column":44}},"1":{"start":{"line":4,"column":25},"end":{"line":4,"column":45}},"2":{"start":{"line":5,"column":33},"end":{"line":5,"column":35}},"3":{"start":{"line":8,"column":69},"end":{"line":8,"column":73}},"4":{"start":{"line":9,"column":16},"end":{"line":9,"column":44}},"5":{"start":{"line":10,"column":18},"end":{"line":10,"column":22}},"6":{"start":{"line":12,"column":2},"end":{"line":20,"column":3}},"7":{"start":{"line":13,"column":28},"end":{"line":13,"column":141}},"8":{"start":{"line":14,"column":24},"end":{"line":14,"column":33}},"9":{"start":{"line":15,"column":24},"end":{"line":15,"column":47}},"10":{"start":{"line":16,"column":34},"end":{"line":16,"column":67}},"11":{"start":{"line":17,"column":49},"end":{"line":17,"column":95}},"12":{"start":{"line":18,"column":41},"end":{"line":18,"column":79}},"13":{"start":{"line":19,"column":38},"end":{"line":19,"column":73}},"14":{"start":{"line":23,"column":4},"end":{"line":23,"column":34}},"15":{"start":{"line":23,"column":23},"end":{"line":23,"column":34}},"16":{"start":{"line":24,"column":4},"end":{"line":24,"column":71}},"17":{"start":{"line":24,"column":55},"end":{"line":24,"column":71}},"18":{"start":{"line":25,"column":4},"end":{"line":34,"column":5}},"19":{"start":{"line":26,"column":6},"end":{"line":26,"column":28}},"20":{"start":{"line":27,"column":6},"end":{"line":27,"column":35}},"21":{"start":{"line":28,"column":6},"end":{"line":28,"column":44}},"22":{"start":{"line":29,"column":6},"end":{"line":29,"column":25}},"23":{"start":{"line":30,"column":6},"end":{"line":30,"column":24}},"24":{"start":{"line":31,"column":6},"end":{"line":31,"column":40}},"25":{"start":{"line":32,"column":6},"end":{"line":32,"column":41}},"26":{"start":{"line":33,"column":6},"end":{"line":33,"column":17}},"27":{"start":{"line":38,"column":4},"end":{"line":38,"column":34}},"28":{"start":{"line":38,"column":23},"end":{"line":38,"column":34}},"29":{"start":{"line":39,"column":4},"end":{"line":42,"column":5}},"30":{"start":{"line":40,"column":6},"end":{"line":40,"column":40}},"31":{"start":{"line":41,"column":6},"end":{"line":41,"column":17}},"32":{"start":{"line":46,"column":4},"end":{"line":67,"column":5}},"33":{"start":{"line":47,"column":6},"end":{"line":47,"column":36}},"34":{"start":{"line":47,"column":25},"end":{"line":47,"column":36}},"35":{"start":{"line":49,"column":6},"end":{"line":66,"column":7}},"36":{"start":{"line":50,"column":27},"end":{"line":50,"column":68}},"37":{"start":{"line":51,"column":8},"end":{"line":63,"column":9}},"38":{"start":{"line":52,"column":10},"end":{"line":62,"column":11}},"39":{"start":{"line":64,"column":8},"end":{"line":64,"column":35}},"40":{"start":{"line":64,"column":21},"end":{"line":64,"column":35}},"41":{"start":{"line":65,"column":8},"end":{"line":65,"column":19}},"42":{"start":{"line":72,"column":6},"end":{"line":75,"column":10}},"43":{"start":{"line":77,"column":23},"end":{"line":77,"column":43}},"44":{"start":{"line":78,"column":4},"end":{"line":95,"column":5}},"45":{"start":{"line":79,"column":6},"end":{"line":79,"column":36}},"46":{"start":{"line":79,"column":25},"end":{"line":79,"column":36}},"47":{"start":{"line":81,"column":6},"end":{"line":94,"column":7}},"48":{"start":{"line":82,"column":27},"end":{"line":82,"column":68}},"49":{"start":{"line":83,"column":8},"end":{"line":83,"column":32}},"50":{"start":{"line":84,"column":8},"end":{"line":84,"column":46}},"51":{"start":{"line":85,"column":8},"end":{"line":85,"column":26}},"52":{"start":{"line":86,"column":8},"end":{"line":86,"column":30}},"53":{"start":{"line":87,"column":8},"end":{"line":87,"column":38}},"54":{"start":{"line":88,"column":8},"end":{"line":92,"column":9}},"55":{"start":{"line":93,"column":8},"end":{"line":93,"column":19}},"56":{"start":{"line":99,"column":4},"end":{"line":106,"column":5}},"57":{"start":{"line":100,"column":6},"end":{"line":100,"column":36}},"58":{"start":{"line":100,"column":25},"end":{"line":100,"column":36}},"59":{"start":{"line":102,"column":6},"end":{"line":105,"column":7}},"60":{"start":{"line":103,"column":8},"end":{"line":103,"column":33}},"61":{"start":{"line":104,"column":8},"end":{"line":104,"column":19}},"62":{"start":{"line":110,"column":4},"end":{"line":121,"column":5}},"63":{"start":{"line":111,"column":21},"end":{"line":111,"column":73}},"64":{"start":{"line":112,"column":6},"end":{"line":112,"column":19}},"65":{"start":{"line":114,"column":6},"end":{"line":119,"column":7}},"66":{"start":{"line":115,"column":8},"end":{"line":117,"column":9}},"67":{"start":{"line":116,"column":10},"end":{"line":116,"column":75}},"68":{"start":{"line":116,"column":16},"end":{"line":116,"column":60}},"69":{"start":{"line":118,"column":8},"end":{"line":118,"column":58}},"70":{"start":{"line":120,"column":6},"end":{"line":120,"column":98}},"71":{"start":{"line":124,"column":29},"end":{"line":124,"column":86}}},"fnMap":{"0":{"name":"createTransactionHelper","decl":{"start":{"line":7,"column":9},"end":{"line":7,"column":32}},"loc":{"start":{"line":7,"column":111},"end":{"line":125,"column":1}},"line":7},"1":{"name":"(anonymous_1)","decl":{"start":{"line":13,"column":22},"end":{"line":13,"column":23}},"loc":{"start":{"line":13,"column":28},"end":{"line":13,"column":141}},"line":13},"2":{"name":"(anonymous_2)","decl":{"start":{"line":14,"column":18},"end":{"line":14,"column":19}},"loc":{"start":{"line":14,"column":24},"end":{"line":14,"column":33}},"line":14},"3":{"name":"(anonymous_3)","decl":{"start":{"line":15,"column":11},"end":{"line":15,"column":12}},"loc":{"start":{"line":15,"column":24},"end":{"line":15,"column":47}},"line":15},"4":{"name":"(anonymous_4)","decl":{"start":{"line":16,"column":21},"end":{"line":16,"column":22}},"loc":{"start":{"line":16,"column":34},"end":{"line":16,"column":67}},"line":16},"5":{"name":"(anonymous_5)","decl":{"start":{"line":17,"column":24},"end":{"line":17,"column":25}},"loc":{"start":{"line":17,"column":49},"end":{"line":17,"column":95}},"line":17},"6":{"name":"(anonymous_6)","decl":{"start":{"line":18,"column":17},"end":{"line":18,"column":18}},"loc":{"start":{"line":18,"column":41},"end":{"line":18,"column":79}},"line":18},"7":{"name":"(anonymous_7)","decl":{"start":{"line":19,"column":16},"end":{"line":19,"column":17}},"loc":{"start":{"line":19,"column":38},"end":{"line":19,"column":73}},"line":19},"8":{"name":"claim","decl":{"start":{"line":22,"column":11},"end":{"line":22,"column":16}},"loc":{"start":{"line":22,"column":23},"end":{"line":35,"column":3}},"line":22},"9":{"name":"updateHeartbeat","decl":{"start":{"line":37,"column":11},"end":{"line":37,"column":26}},"loc":{"start":{"line":37,"column":33},"end":{"line":43,"column":3}},"line":37},"10":{"name":"resolveWith","decl":{"start":{"line":45,"column":11},"end":{"line":45,"column":22}},"loc":{"start":{"line":45,"column":32},"end":{"line":68,"column":3}},"line":45},"11":{"name":"(anonymous_11)","decl":{"start":{"line":46,"column":11},"end":{"line":46,"column":12}},"loc":{"start":{"line":46,"column":19},"end":{"line":67,"column":5}},"line":46},"12":{"name":"rejectWith","decl":{"start":{"line":70,"column":11},"end":{"line":70,"column":21}},"loc":{"start":{"line":70,"column":29},"end":{"line":96,"column":3}},"line":70},"13":{"name":"(anonymous_13)","decl":{"start":{"line":78,"column":11},"end":{"line":78,"column":12}},"loc":{"start":{"line":78,"column":19},"end":{"line":95,"column":5}},"line":78},"14":{"name":"updateProgressWith","decl":{"start":{"line":98,"column":11},"end":{"line":98,"column":29}},"loc":{"start":{"line":98,"column":40},"end":{"line":107,"column":3}},"line":98},"15":{"name":"(anonymous_15)","decl":{"start":{"line":99,"column":11},"end":{"line":99,"column":12}},"loc":{"start":{"line":99,"column":19},"end":{"line":106,"column":5}},"line":99},"16":{"name":"withRetries","decl":{"start":{"line":109,"column":17},"end":{"line":109,"column":28}},"loc":{"start":{"line":109,"column":61},"end":{"line":122,"column":3}},"line":109},"17":{"name":"isProcessing","decl":{"start":{"line":124,"column":11},"end":{"line":124,"column":23}},"loc":{"start":{"line":124,"column":27},"end":{"line":124,"column":88}},"line":124}},"branchMap":{"0":{"loc":{"start":{"line":7,"column":93},"end":{"line":7,"column":107}},"type":"default-arg","locations":[{"start":{"line":7,"column":106},"end":{"line":7,"column":107}}],"line":7},"1":{"loc":{"start":{"line":23,"column":4},"end":{"line":23,"column":34}},"type":"if","locations":[{"start":{"line":23,"column":4},"end":{"line":23,"column":34}},{"start":{"line":23,"column":4},"end":{"line":23,"column":34}}],"line":23},"2":{"loc":{"start":{"line":24,"column":4},"end":{"line":24,"column":71}},"type":"if","locations":[{"start":{"line":24,"column":4},"end":{"line":24,"column":71}},{"start":{"line":24,"column":4},"end":{"line":24,"column":71}}],"line":24},"3":{"loc":{"start":{"line":24,"column":8},"end":{"line":24,"column":53}},"type":"binary-expr","locations":[{"start":{"line":24,"column":8},"end":{"line":24,"column":22}},{"start":{"line":24,"column":26},"end":{"line":24,"column":53}}],"line":24},"4":{"loc":{"start":{"line":25,"column":4},"end":{"line":34,"column":5}},"type":"if","locations":[{"start":{"line":25,"column":4},"end":{"line":34,"column":5}},{"start":{"line":25,"column":4},"end":{"line":34,"column":5}}],"line":25},"5":{"loc":{"start":{"line":25,"column":9},"end":{"line":25,"column":28}},"type":"binary-expr","locations":[{"start":{"line":25,"column":9},"end":{"line":25,"column":20}},{"start":{"line":25,"column":24},"end":{"line":25,"column":28}}],"line":25},"6":{"loc":{"start":{"line":38,"column":4},"end":{"line":38,"column":34}},"type":"if","locations":[{"start":{"line":38,"column":4},"end":{"line":38,"column":34}},{"start":{"line":38,"column":4},"end":{"line":38,"column":34}}],"line":38},"7":{"loc":{"start":{"line":39,"column":4},"end":{"line":42,"column":5}},"type":"if","locations":[{"start":{"line":39,"column":4},"end":{"line":42,"column":5}},{"start":{"line":39,"column":4},"end":{"line":42,"column":5}}],"line":39},"8":{"loc":{"start":{"line":47,"column":6},"end":{"line":47,"column":36}},"type":"if","locations":[{"start":{"line":47,"column":6},"end":{"line":47,"column":36}},{"start":{"line":47,"column":6},"end":{"line":47,"column":36}}],"line":47},"9":{"loc":{"start":{"line":49,"column":6},"end":{"line":66,"column":7}},"type":"if","locations":[{"start":{"line":49,"column":6},"end":{"line":66,"column":7}},{"start":{"line":49,"column":6},"end":{"line":66,"column":7}}],"line":49},"10":{"loc":{"start":{"line":50,"column":27},"end":{"line":50,"column":68}},"type":"cond-expr","locations":[{"start":{"line":50,"column":39},"end":{"line":50,"column":61}},{"start":{"line":50,"column":64},"end":{"line":50,"column":68}}],"line":50},"11":{"loc":{"start":{"line":51,"column":8},"end":{"line":63,"column":9}},"type":"if","locations":[{"start":{"line":51,"column":8},"end":{"line":63,"column":9}},{"start":{"line":51,"column":8},"end":{"line":63,"column":9}}],"line":51},"12":{"loc":{"start":{"line":53,"column":16},"end":{"line":53,"column":31}},"type":"binary-expr","locations":[{"start":{"line":53,"column":16},"end":{"line":53,"column":23}},{"start":{"line":53,"column":27},"end":{"line":53,"column":31}}],"line":53},"13":{"loc":{"start":{"line":64,"column":8},"end":{"line":64,"column":35}},"type":"if","locations":[{"start":{"line":64,"column":8},"end":{"line":64,"column":35}},{"start":{"line":64,"column":8},"end":{"line":64,"column":35}}],"line":64},"14":{"loc":{"start":{"line":72,"column":6},"end":{"line":75,"column":10}},"type":"binary-expr","locations":[{"start":{"line":72,"column":7},"end":{"line":72,"column":29}},{"start":{"line":72,"column":33},"end":{"line":72,"column":46}},{"start":{"line":73,"column":7},"end":{"line":73,"column":32}},{"start":{"line":73,"column":36},"end":{"line":73,"column":41}},{"start":{"line":74,"column":6},"end":{"line":74,"column":25}},{"start":{"line":75,"column":6},"end":{"line":75,"column":10}}],"line":72},"15":{"loc":{"start":{"line":77,"column":23},"end":{"line":77,"column":43}},"type":"binary-expr","locations":[{"start":{"line":77,"column":23},"end":{"line":77,"column":35}},{"start":{"line":77,"column":39},"end":{"line":77,"column":43}}],"line":77},"16":{"loc":{"start":{"line":79,"column":6},"end":{"line":79,"column":36}},"type":"if","locations":[{"start":{"line":79,"column":6},"end":{"line":79,"column":36}},{"start":{"line":79,"column":6},"end":{"line":79,"column":36}}],"line":79},"17":{"loc":{"start":{"line":81,"column":6},"end":{"line":94,"column":7}},"type":"if","locations":[{"start":{"line":81,"column":6},"end":{"line":94,"column":7}},{"start":{"line":81,"column":6},"end":{"line":94,"column":7}}],"line":81},"18":{"loc":{"start":{"line":82,"column":27},"end":{"line":82,"column":68}},"type":"cond-expr","locations":[{"start":{"line":82,"column":39},"end":{"line":82,"column":61}},{"start":{"line":82,"column":64},"end":{"line":82,"column":68}}],"line":82},"19":{"loc":{"start":{"line":100,"column":6},"end":{"line":100,"column":36}},"type":"if","locations":[{"start":{"line":100,"column":6},"end":{"line":100,"column":36}},{"start":{"line":100,"column":6},"end":{"line":100,"column":36}}],"line":100},"20":{"loc":{"start":{"line":102,"column":6},"end":{"line":105,"column":7}},"type":"if","locations":[{"start":{"line":102,"column":6},"end":{"line":105,"column":7}},{"start":{"line":102,"column":6},"end":{"line":105,"column":7}}],"line":102},"21":{"loc":{"start":{"line":109,"column":47},"end":{"line":109,"column":59}},"type":"default-arg","locations":[{"start":{"line":109,"column":58},"end":{"line":109,"column":59}}],"line":109},"22":{"loc":{"start":{"line":114,"column":6},"end":{"line":119,"column":7}},"type":"if","locations":[{"start":{"line":114,"column":6},"end":{"line":119,"column":7}},{"start":{"line":114,"column":6},"end":{"line":119,"column":7}}],"line":114},"23":{"loc":{"start":{"line":115,"column":8},"end":{"line":117,"column":9}},"type":"if","locations":[{"start":{"line":115,"column":8},"end":{"line":117,"column":9}},{"start":{"line":115,"column":8},"end":{"line":117,"column":9}}],"line":115},"24":{"loc":{"start":{"line":124,"column":36},"end":{"line":124,"column":86}},"type":"binary-expr","locations":[{"start":{"line":124,"column":36},"end":{"line":124,"column":54}},{"start":{"line":124,"column":58},"end":{"line":124,"column":86}}],"line":124}},"s":{"0":1,"1":1,"2":1,"3":197,"4":197,"5":197,"6":197,"7":133,"8":76,"9":135,"10":0,"11":3,"12":58,"13":19,"14":151,"15":18,"16":133,"17":0,"18":133,"19":76,"20":76,"21":76,"22":76,"23":76,"24":76,"25":76,"26":76,"27":0,"28":0,"29":0,"30":0,"31":0,"32":58,"33":105,"34":49,"35":56,"36":51,"37":51,"38":5,"39":46,"40":2,"41":44,"42":19,"43":19,"44":19,"45":33,"46":14,"47":19,"48":12,"49":12,"50":12,"51":12,"52":12,"53":12,"54":12,"55":12,"56":3,"57":6,"58":3,"59":3,"60":1,"61":1,"62":226,"63":226,"64":214,"65":12,"66":11,"67":0,"68":0,"69":11,"70":1,"71":78},"f":{"0":197,"1":133,"2":76,"3":135,"4":0,"5":3,"6":58,"7":19,"8":151,"9":0,"10":58,"11":105,"12":19,"13":33,"14":3,"15":6,"16":226,"17":78},"b":{"0":[64],"1":[18,133],"2":[0,133],"3":[133,4],"4":[76,57],"5":[133,74],"6":[0,0],"7":[0,0],"8":[49,56],"9":[51,5],"10":[51,0],"11":[5,46],"12":[5,4],"13":[2,44],"14":[19,14,5,2,3,2],"15":[19,5],"16":[14,19],"17":[12,7],"18":[12,0],"19":[3,3],"20":[1,2],"21":[215],"22":[11,1],"23":[0,11],"24":[78,74]},"_coverageSchema":"1a1c01bbd47fc00a2c39e90264f33305004495a9","hash":"a1f140eae8f3bfd2a4159321d28be59747374680","contentHash":"0989797bac7355ee8804db252adae1fcd5fbbefb7121a448e577942915c3ca49"},"/Volumes/Development/firebase-queue/src/task_helpers.js":{"path":"/Volumes/Development/firebase-queue/src/task_helpers.js","statementMap":{"0":{"start":{"line":2,"column":25},"end":{"line":2,"column":185}},"1":{"start":{"line":5,"column":2},"end":{"line":5,"column":21}},"2":{"start":{"line":9,"column":2},"end":{"line":9,"column":60}},"3":{"start":{"line":9,"column":41},"end":{"line":9,"column":58}},"4":{"start":{"line":13,"column":14},"end":{"line":13,"column":18}},"5":{"start":{"line":15,"column":2},"end":{"line":26,"column":3}},"6":{"start":{"line":16,"column":4},"end":{"line":25,"column":25}},"7":{"start":{"line":17,"column":6},"end":{"line":24,"column":7}},"8":{"start":{"line":18,"column":8},"end":{"line":18,"column":52}},"9":{"start":{"line":20,"column":8},"end":{"line":23,"column":9}},"10":{"start":{"line":21,"column":10},"end":{"line":21,"column":30}},"11":{"start":{"line":22,"column":10},"end":{"line":22,"column":22}},"12":{"start":{"line":28,"column":2},"end":{"line":35,"column":3}},"13":{"start":{"line":30,"column":6},"end":{"line":33,"column":7}},"14":{"start":{"line":31,"column":8},"end":{"line":31,"column":28}},"15":{"start":{"line":32,"column":8},"end":{"line":32,"column":20}},"16":{"start":{"line":39,"column":100},"end":{"line":39,"column":107}},"17":{"start":{"line":41,"column":24},"end":{"line":41,"column":73}},"18":{"start":{"line":42,"column":2},"end":{"line":42,"column":97}},"19":{"start":{"line":42,"column":18},"end":{"line":42,"column":97}},"20":{"start":{"line":44,"column":21},"end":{"line":44,"column":62}},"21":{"start":{"line":45,"column":2},"end":{"line":45,"column":30}},"22":{"start":{"line":45,"column":13},"end":{"line":45,"column":30}},"23":{"start":{"line":47,"column":2},"end":{"line":53,"column":3}},"24":{"start":{"line":48,"column":4},"end":{"line":48,"column":71}},"25":{"start":{"line":49,"column":4},"end":{"line":49,"column":75}},"26":{"start":{"line":50,"column":4},"end":{"line":52,"column":5}},"27":{"start":{"line":51,"column":6},"end":{"line":51,"column":92}},"28":{"start":{"line":55,"column":2},"end":{"line":57,"column":3}},"29":{"start":{"line":56,"column":4},"end":{"line":56,"column":79}},"30":{"start":{"line":56,"column":10},"end":{"line":56,"column":64}},"31":{"start":{"line":61,"column":135},"end":{"line":61,"column":142}},"32":{"start":{"line":63,"column":21},"end":{"line":63,"column":62}},"33":{"start":{"line":65,"column":2},"end":{"line":80,"column":3}},"34":{"start":{"line":66,"column":24},"end":{"line":66,"column":90}},"35":{"start":{"line":67,"column":4},"end":{"line":79,"column":5}},"36":{"start":{"line":68,"column":6},"end":{"line":68,"column":32}},"37":{"start":{"line":68,"column":17},"end":{"line":68,"column":32}},"38":{"start":{"line":70,"column":6},"end":{"line":73,"column":7}},"39":{"start":{"line":71,"column":8},"end":{"line":71,"column":152}},"40":{"start":{"line":72,"column":8},"end":{"line":72,"column":107}},"41":{"start":{"line":75,"column":6},"end":{"line":77,"column":7}},"42":{"start":{"line":76,"column":8},"end":{"line":76,"column":116}},"43":{"start":{"line":76,"column":14},"end":{"line":76,"column":101}},"44":{"start":{"line":78,"column":6},"end":{"line":78,"column":12}},"45":{"start":{"line":82,"column":24},"end":{"line":82,"column":70}},"46":{"start":{"line":83,"column":2},"end":{"line":83,"column":80}},"47":{"start":{"line":83,"column":18},"end":{"line":83,"column":80}},"48":{"start":{"line":85,"column":2},"end":{"line":85,"column":27}},"49":{"start":{"line":85,"column":13},"end":{"line":85,"column":27}},"50":{"start":{"line":87,"column":2},"end":{"line":93,"column":3}},"51":{"start":{"line":88,"column":4},"end":{"line":88,"column":91}},"52":{"start":{"line":89,"column":4},"end":{"line":89,"column":72}},"53":{"start":{"line":90,"column":4},"end":{"line":92,"column":5}},"54":{"start":{"line":91,"column":6},"end":{"line":91,"column":89}},"55":{"start":{"line":95,"column":2},"end":{"line":97,"column":3}},"56":{"start":{"line":96,"column":4},"end":{"line":96,"column":74}},"57":{"start":{"line":96,"column":10},"end":{"line":96,"column":59}},"58":{"start":{"line":101,"column":15},"end":{"line":101,"column":29}},"59":{"start":{"line":102,"column":18},"end":{"line":102,"column":48}},"60":{"start":{"line":104,"column":2},"end":{"line":104,"column":53}},"61":{"start":{"line":104,"column":41},"end":{"line":104,"column":53}},"62":{"start":{"line":105,"column":2},"end":{"line":105,"column":86}},"63":{"start":{"line":105,"column":74},"end":{"line":105,"column":86}},"64":{"start":{"line":107,"column":2},"end":{"line":107,"column":13}},"65":{"start":{"line":111,"column":15},"end":{"line":111,"column":29}},"66":{"start":{"line":112,"column":18},"end":{"line":112,"column":48}},"67":{"start":{"line":114,"column":18},"end":{"line":117,"column":3}},"68":{"start":{"line":119,"column":18},"end":{"line":119,"column":38}},"69":{"start":{"line":121,"column":2},"end":{"line":128,"column":4}},"70":{"start":{"line":130,"column":2},"end":{"line":130,"column":46}},"71":{"start":{"line":134,"column":16},"end":{"line":134,"column":20}},"72":{"start":{"line":135,"column":2},"end":{"line":138,"column":3}},"73":{"start":{"line":136,"column":26},"end":{"line":136,"column":42}},"74":{"start":{"line":137,"column":34},"end":{"line":137,"column":47}},"75":{"start":{"line":141,"column":0},"end":{"line":151,"column":1}}},"fnMap":{"0":{"name":"createTaskContext","decl":{"start":{"line":4,"column":9},"end":{"line":4,"column":26}},"loc":{"start":{"line":4,"column":34},"end":{"line":6,"column":1}},"line":4},"1":{"name":"removeQueueProperties","decl":{"start":{"line":8,"column":9},"end":{"line":8,"column":30}},"loc":{"start":{"line":8,"column":37},"end":{"line":10,"column":1}},"line":8},"2":{"name":"createHeartbeatManager","decl":{"start":{"line":12,"column":9},"end":{"line":12,"column":31}},"loc":{"start":{"line":12,"column":75},"end":{"line":36,"column":1}},"line":12},"3":{"name":"(anonymous_3)","decl":{"start":{"line":16,"column":24},"end":{"line":16,"column":25}},"loc":{"start":{"line":16,"column":36},"end":{"line":25,"column":5}},"line":16},"4":{"name":"(anonymous_4)","decl":{"start":{"line":29,"column":4},"end":{"line":29,"column":5}},"loc":{"start":{"line":29,"column":11},"end":{"line":34,"column":5}},"line":29},"5":{"name":"handleTaskResolved","decl":{"start":{"line":38,"column":15},"end":{"line":38,"column":33}},"loc":{"start":{"line":38,"column":52},"end":{"line":58,"column":1}},"line":38},"6":{"name":"handleTaskRejected","decl":{"start":{"line":60,"column":15},"end":{"line":60,"column":33}},"loc":{"start":{"line":60,"column":50},"end":{"line":98,"column":1}},"line":60},"7":{"name":"shouldRetry","decl":{"start":{"line":100,"column":9},"end":{"line":100,"column":20}},"loc":{"start":{"line":100,"column":51},"end":{"line":108,"column":1}},"line":100},"8":{"name":"scheduleRetry","decl":{"start":{"line":110,"column":15},"end":{"line":110,"column":28}},"loc":{"start":{"line":110,"column":76},"end":{"line":131,"column":1}},"line":110},"9":{"name":"createDeferred","decl":{"start":{"line":133,"column":9},"end":{"line":133,"column":23}},"loc":{"start":{"line":133,"column":26},"end":{"line":139,"column":1}},"line":133},"10":{"name":"(anonymous_10)","decl":{"start":{"line":136,"column":13},"end":{"line":136,"column":14}},"loc":{"start":{"line":136,"column":26},"end":{"line":136,"column":42}},"line":136},"11":{"name":"(anonymous_11)","decl":{"start":{"line":137,"column":25},"end":{"line":137,"column":26}},"loc":{"start":{"line":137,"column":32},"end":{"line":137,"column":49}},"line":137}},"branchMap":{"0":{"loc":{"start":{"line":15,"column":2},"end":{"line":26,"column":3}},"type":"if","locations":[{"start":{"line":15,"column":2},"end":{"line":26,"column":3}},{"start":{"line":15,"column":2},"end":{"line":26,"column":3}}],"line":15},"1":{"loc":{"start":{"line":20,"column":8},"end":{"line":23,"column":9}},"type":"if","locations":[{"start":{"line":20,"column":8},"end":{"line":23,"column":9}},{"start":{"line":20,"column":8},"end":{"line":23,"column":9}}],"line":20},"2":{"loc":{"start":{"line":30,"column":6},"end":{"line":33,"column":7}},"type":"if","locations":[{"start":{"line":30,"column":6},"end":{"line":33,"column":7}},{"start":{"line":30,"column":6},"end":{"line":33,"column":7}}],"line":30},"3":{"loc":{"start":{"line":42,"column":2},"end":{"line":42,"column":97}},"type":"if","locations":[{"start":{"line":42,"column":2},"end":{"line":42,"column":97}},{"start":{"line":42,"column":2},"end":{"line":42,"column":97}}],"line":42},"4":{"loc":{"start":{"line":44,"column":21},"end":{"line":44,"column":62}},"type":"cond-expr","locations":[{"start":{"line":44,"column":33},"end":{"line":44,"column":55}},{"start":{"line":44,"column":58},"end":{"line":44,"column":62}}],"line":44},"5":{"loc":{"start":{"line":45,"column":2},"end":{"line":45,"column":30}},"type":"if","locations":[{"start":{"line":45,"column":2},"end":{"line":45,"column":30}},{"start":{"line":45,"column":2},"end":{"line":45,"column":30}}],"line":45},"6":{"loc":{"start":{"line":47,"column":2},"end":{"line":53,"column":3}},"type":"if","locations":[{"start":{"line":47,"column":2},"end":{"line":53,"column":3}},{"start":{"line":47,"column":2},"end":{"line":53,"column":3}}],"line":47},"7":{"loc":{"start":{"line":50,"column":4},"end":{"line":52,"column":5}},"type":"if","locations":[{"start":{"line":50,"column":4},"end":{"line":52,"column":5}},{"start":{"line":50,"column":4},"end":{"line":52,"column":5}}],"line":50},"8":{"loc":{"start":{"line":55,"column":2},"end":{"line":57,"column":3}},"type":"if","locations":[{"start":{"line":55,"column":2},"end":{"line":57,"column":3}},{"start":{"line":55,"column":2},"end":{"line":57,"column":3}}],"line":55},"9":{"loc":{"start":{"line":63,"column":21},"end":{"line":63,"column":62}},"type":"cond-expr","locations":[{"start":{"line":63,"column":33},"end":{"line":63,"column":55}},{"start":{"line":63,"column":58},"end":{"line":63,"column":62}}],"line":63},"10":{"loc":{"start":{"line":65,"column":2},"end":{"line":80,"column":3}},"type":"if","locations":[{"start":{"line":65,"column":2},"end":{"line":80,"column":3}},{"start":{"line":65,"column":2},"end":{"line":80,"column":3}}],"line":65},"11":{"loc":{"start":{"line":65,"column":6},"end":{"line":65,"column":62}},"type":"binary-expr","locations":[{"start":{"line":65,"column":6},"end":{"line":65,"column":17}},{"start":{"line":65,"column":21},"end":{"line":65,"column":62}}],"line":65},"12":{"loc":{"start":{"line":67,"column":4},"end":{"line":79,"column":5}},"type":"if","locations":[{"start":{"line":67,"column":4},"end":{"line":79,"column":5}},{"start":{"line":67,"column":4},"end":{"line":79,"column":5}}],"line":67},"13":{"loc":{"start":{"line":68,"column":6},"end":{"line":68,"column":32}},"type":"if","locations":[{"start":{"line":68,"column":6},"end":{"line":68,"column":32}},{"start":{"line":68,"column":6},"end":{"line":68,"column":32}}],"line":68},"14":{"loc":{"start":{"line":70,"column":6},"end":{"line":73,"column":7}},"type":"if","locations":[{"start":{"line":70,"column":6},"end":{"line":73,"column":7}},{"start":{"line":70,"column":6},"end":{"line":73,"column":7}}],"line":70},"15":{"loc":{"start":{"line":75,"column":6},"end":{"line":77,"column":7}},"type":"if","locations":[{"start":{"line":75,"column":6},"end":{"line":77,"column":7}},{"start":{"line":75,"column":6},"end":{"line":77,"column":7}}],"line":75},"16":{"loc":{"start":{"line":83,"column":2},"end":{"line":83,"column":80}},"type":"if","locations":[{"start":{"line":83,"column":2},"end":{"line":83,"column":80}},{"start":{"line":83,"column":2},"end":{"line":83,"column":80}}],"line":83},"17":{"loc":{"start":{"line":85,"column":2},"end":{"line":85,"column":27}},"type":"if","locations":[{"start":{"line":85,"column":2},"end":{"line":85,"column":27}},{"start":{"line":85,"column":2},"end":{"line":85,"column":27}}],"line":85},"18":{"loc":{"start":{"line":87,"column":2},"end":{"line":93,"column":3}},"type":"if","locations":[{"start":{"line":87,"column":2},"end":{"line":93,"column":3}},{"start":{"line":87,"column":2},"end":{"line":93,"column":3}}],"line":87},"19":{"loc":{"start":{"line":90,"column":4},"end":{"line":92,"column":5}},"type":"if","locations":[{"start":{"line":90,"column":4},"end":{"line":92,"column":5}},{"start":{"line":90,"column":4},"end":{"line":92,"column":5}}],"line":90},"20":{"loc":{"start":{"line":95,"column":2},"end":{"line":97,"column":3}},"type":"if","locations":[{"start":{"line":95,"column":2},"end":{"line":97,"column":3}},{"start":{"line":95,"column":2},"end":{"line":97,"column":3}}],"line":95},"21":{"loc":{"start":{"line":102,"column":19},"end":{"line":102,"column":43}},"type":"binary-expr","locations":[{"start":{"line":102,"column":19},"end":{"line":102,"column":38}},{"start":{"line":102,"column":42},"end":{"line":102,"column":43}}],"line":102},"22":{"loc":{"start":{"line":104,"column":2},"end":{"line":104,"column":53}},"type":"if","locations":[{"start":{"line":104,"column":2},"end":{"line":104,"column":53}},{"start":{"line":104,"column":2},"end":{"line":104,"column":53}}],"line":104},"23":{"loc":{"start":{"line":105,"column":2},"end":{"line":105,"column":86}},"type":"if","locations":[{"start":{"line":105,"column":2},"end":{"line":105,"column":86}},{"start":{"line":105,"column":2},"end":{"line":105,"column":86}}],"line":105},"24":{"loc":{"start":{"line":105,"column":6},"end":{"line":105,"column":72}},"type":"binary-expr","locations":[{"start":{"line":105,"column":6},"end":{"line":105,"column":33}},{"start":{"line":105,"column":37},"end":{"line":105,"column":72}}],"line":105},"25":{"loc":{"start":{"line":112,"column":19},"end":{"line":112,"column":43}},"type":"binary-expr","locations":[{"start":{"line":112,"column":19},"end":{"line":112,"column":38}},{"start":{"line":112,"column":42},"end":{"line":112,"column":43}}],"line":112},"26":{"loc":{"start":{"line":127,"column":17},"end":{"line":127,"column":48}},"type":"binary-expr","locations":[{"start":{"line":127,"column":17},"end":{"line":127,"column":31}},{"start":{"line":127,"column":35},"end":{"line":127,"column":48}}],"line":127}},"s":{"0":1,"1":76,"2":76,"3":836,"4":76,"5":76,"6":76,"7":0,"8":0,"9":0,"10":0,"11":0,"12":76,"13":81,"14":76,"15":76,"16":58,"17":58,"18":58,"19":5,"20":53,"21":53,"22":53,"23":53,"24":53,"25":53,"26":53,"27":53,"28":53,"29":0,"30":0,"31":23,"32":23,"33":23,"34":4,"35":4,"36":4,"37":4,"38":4,"39":4,"40":4,"41":4,"42":1,"43":1,"44":4,"45":19,"46":19,"47":7,"48":12,"49":12,"50":12,"51":12,"52":12,"53":12,"54":12,"55":12,"56":0,"57":0,"58":6,"59":6,"60":6,"61":1,"62":5,"63":1,"64":4,"65":4,"66":4,"67":4,"68":4,"69":4,"70":4,"71":62,"72":62,"73":62,"74":62,"75":1},"f":{"0":76,"1":76,"2":76,"3":0,"4":81,"5":58,"6":23,"7":6,"8":4,"9":62,"10":62,"11":62},"b":{"0":[76,0],"1":[0,0],"2":[76,5],"3":[5,53],"4":[53,0],"5":[53,0],"6":[53,0],"7":[53,0],"8":[0,53],"9":[23,0],"10":[4,19],"11":[23,6],"12":[4,0],"13":[4,0],"14":[4,0],"15":[1,3],"16":[7,12],"17":[12,0],"18":[12,0],"19":[12,0],"20":[0,12],"21":[6,4],"22":[1,5],"23":[1,4],"24":[5,1],"25":[4,3],"26":[4,0]},"_coverageSchema":"1a1c01bbd47fc00a2c39e90264f33305004495a9","hash":"683bf5cf7864921f4e1fd42a21b644e8878f1e24","contentHash":"f11cd0296bb4542a919ea680ac66f16bbeca1dd49ed337bea1c89bb4745d3d1a"},"/Volumes/Development/firebase-queue/src/observability.js":{"path":"/Volumes/Development/firebase-queue/src/observability.js","statementMap":{"0":{"start":{"line":13,"column":17},"end":{"line":13,"column":44}},"1":{"start":{"line":14,"column":18},"end":{"line":14,"column":47}},"2":{"start":{"line":15,"column":17},"end":{"line":15,"column":38}},"3":{"start":{"line":16,"column":18},"end":{"line":16,"column":45}},"4":{"start":{"line":18,"column":2},"end":{"line":100,"column":3}},"5":{"start":{"line":26,"column":20},"end":{"line":26,"column":33}},"6":{"start":{"line":27,"column":6},"end":{"line":29,"column":7}},"7":{"start":{"line":28,"column":8},"end":{"line":28,"column":77}},"8":{"start":{"line":28,"column":14},"end":{"line":28,"column":62}},"9":{"start":{"line":38,"column":6},"end":{"line":40,"column":7}},"10":{"start":{"line":39,"column":8},"end":{"line":39,"column":83}},"11":{"start":{"line":39,"column":14},"end":{"line":39,"column":68}},"12":{"start":{"line":50,"column":6},"end":{"line":52,"column":7}},"13":{"start":{"line":51,"column":8},"end":{"line":51,"column":90}},"14":{"start":{"line":51,"column":14},"end":{"line":51,"column":75}},"15":{"start":{"line":62,"column":6},"end":{"line":64,"column":7}},"16":{"start":{"line":63,"column":8},"end":{"line":63,"column":86}},"17":{"start":{"line":63,"column":14},"end":{"line":63,"column":71}},"18":{"start":{"line":74,"column":6},"end":{"line":74,"column":30}},"19":{"start":{"line":74,"column":19},"end":{"line":74,"column":30}},"20":{"start":{"line":76,"column":6},"end":{"line":88,"column":8}},"21":{"start":{"line":77,"column":8},"end":{"line":87,"column":9}},"22":{"start":{"line":78,"column":25},"end":{"line":78,"column":35}},"23":{"start":{"line":79,"column":10},"end":{"line":79,"column":37}},"24":{"start":{"line":80,"column":10},"end":{"line":80,"column":23}},"25":{"start":{"line":82,"column":10},"end":{"line":82,"column":57}},"26":{"start":{"line":83,"column":10},"end":{"line":83,"column":33}},"27":{"start":{"line":84,"column":10},"end":{"line":84,"column":17}},"28":{"start":{"line":86,"column":10},"end":{"line":86,"column":20}},"29":{"start":{"line":97,"column":6},"end":{"line":97,"column":44}},"30":{"start":{"line":98,"column":6},"end":{"line":98,"column":46}},"31":{"start":{"line":103,"column":19},"end":{"line":108,"column":1}},"32":{"start":{"line":110,"column":20},"end":{"line":114,"column":1}},"33":{"start":{"line":119,"column":26},"end":{"line":119,"column":47}},"34":{"start":{"line":121,"column":0},"end":{"line":121,"column":59}}},"fnMap":{"0":{"name":"createObservability","decl":{"start":{"line":12,"column":9},"end":{"line":12,"column":28}},"loc":{"start":{"line":12,"column":42},"end":{"line":101,"column":1}},"line":12},"1":{"name":"(anonymous_1)","decl":{"start":{"line":25,"column":4},"end":{"line":25,"column":5}},"loc":{"start":{"line":25,"column":33},"end":{"line":30,"column":5}},"line":25},"2":{"name":"(anonymous_2)","decl":{"start":{"line":37,"column":4},"end":{"line":37,"column":5}},"loc":{"start":{"line":37,"column":33},"end":{"line":41,"column":5}},"line":37},"3":{"name":"(anonymous_3)","decl":{"start":{"line":49,"column":4},"end":{"line":49,"column":5}},"loc":{"start":{"line":49,"column":40},"end":{"line":53,"column":5}},"line":49},"4":{"name":"(anonymous_4)","decl":{"start":{"line":61,"column":4},"end":{"line":61,"column":5}},"loc":{"start":{"line":61,"column":36},"end":{"line":65,"column":5}},"line":61},"5":{"name":"(anonymous_5)","decl":{"start":{"line":73,"column":4},"end":{"line":73,"column":5}},"loc":{"start":{"line":73,"column":30},"end":{"line":89,"column":5}},"line":73},"6":{"name":"(anonymous_6)","decl":{"start":{"line":76,"column":42},"end":{"line":76,"column":43}},"loc":{"start":{"line":76,"column":56},"end":{"line":88,"column":7}},"line":76},"7":{"name":"(anonymous_7)","decl":{"start":{"line":96,"column":4},"end":{"line":96,"column":5}},"loc":{"start":{"line":96,"column":36},"end":{"line":99,"column":5}},"line":96},"8":{"name":"(anonymous_8)","decl":{"start":{"line":104,"column":9},"end":{"line":104,"column":10}},"loc":{"start":{"line":104,"column":15},"end":{"line":104,"column":17}},"line":104},"9":{"name":"(anonymous_9)","decl":{"start":{"line":105,"column":8},"end":{"line":105,"column":9}},"loc":{"start":{"line":105,"column":14},"end":{"line":105,"column":16}},"line":105},"10":{"name":"(anonymous_10)","decl":{"start":{"line":106,"column":8},"end":{"line":106,"column":9}},"loc":{"start":{"line":106,"column":14},"end":{"line":106,"column":16}},"line":106},"11":{"name":"(anonymous_11)","decl":{"start":{"line":107,"column":9},"end":{"line":107,"column":10}},"loc":{"start":{"line":107,"column":15},"end":{"line":107,"column":17}},"line":107},"12":{"name":"(anonymous_12)","decl":{"start":{"line":111,"column":13},"end":{"line":111,"column":14}},"loc":{"start":{"line":111,"column":19},"end":{"line":111,"column":21}},"line":111},"13":{"name":"(anonymous_13)","decl":{"start":{"line":112,"column":13},"end":{"line":112,"column":14}},"loc":{"start":{"line":112,"column":19},"end":{"line":112,"column":21}},"line":112},"14":{"name":"(anonymous_14)","decl":{"start":{"line":113,"column":9},"end":{"line":113,"column":10}},"loc":{"start":{"line":113,"column":15},"end":{"line":113,"column":17}},"line":113}},"branchMap":{"0":{"loc":{"start":{"line":12,"column":29},"end":{"line":12,"column":40}},"type":"default-arg","locations":[{"start":{"line":12,"column":38},"end":{"line":12,"column":40}}],"line":12},"1":{"loc":{"start":{"line":13,"column":17},"end":{"line":13,"column":44}},"type":"binary-expr","locations":[{"start":{"line":13,"column":17},"end":{"line":13,"column":30}},{"start":{"line":13,"column":34},"end":{"line":13,"column":44}}],"line":13},"2":{"loc":{"start":{"line":14,"column":18},"end":{"line":14,"column":47}},"type":"binary-expr","locations":[{"start":{"line":14,"column":18},"end":{"line":14,"column":32}},{"start":{"line":14,"column":36},"end":{"line":14,"column":47}}],"line":14},"3":{"loc":{"start":{"line":15,"column":17},"end":{"line":15,"column":38}},"type":"binary-expr","locations":[{"start":{"line":15,"column":17},"end":{"line":15,"column":30}},{"start":{"line":15,"column":34},"end":{"line":15,"column":38}}],"line":15},"4":{"loc":{"start":{"line":16,"column":18},"end":{"line":16,"column":45}},"type":"binary-expr","locations":[{"start":{"line":16,"column":18},"end":{"line":16,"column":32}},{"start":{"line":16,"column":36},"end":{"line":16,"column":45}}],"line":16},"5":{"loc":{"start":{"line":25,"column":22},"end":{"line":25,"column":31}},"type":"default-arg","locations":[{"start":{"line":25,"column":29},"end":{"line":25,"column":31}}],"line":25},"6":{"loc":{"start":{"line":27,"column":6},"end":{"line":29,"column":7}},"type":"if","locations":[{"start":{"line":27,"column":6},"end":{"line":29,"column":7}},{"start":{"line":27,"column":6},"end":{"line":29,"column":7}}],"line":27},"7":{"loc":{"start":{"line":37,"column":20},"end":{"line":37,"column":31}},"type":"default-arg","locations":[{"start":{"line":37,"column":29},"end":{"line":37,"column":31}}],"line":37},"8":{"loc":{"start":{"line":38,"column":6},"end":{"line":40,"column":7}},"type":"if","locations":[{"start":{"line":38,"column":6},"end":{"line":40,"column":7}},{"start":{"line":38,"column":6},"end":{"line":40,"column":7}}],"line":38},"9":{"loc":{"start":{"line":49,"column":27},"end":{"line":49,"column":38}},"type":"default-arg","locations":[{"start":{"line":49,"column":36},"end":{"line":49,"column":38}}],"line":49},"10":{"loc":{"start":{"line":50,"column":6},"end":{"line":52,"column":7}},"type":"if","locations":[{"start":{"line":50,"column":6},"end":{"line":52,"column":7}},{"start":{"line":50,"column":6},"end":{"line":52,"column":7}}],"line":50},"11":{"loc":{"start":{"line":61,"column":23},"end":{"line":61,"column":34}},"type":"default-arg","locations":[{"start":{"line":61,"column":32},"end":{"line":61,"column":34}}],"line":61},"12":{"loc":{"start":{"line":62,"column":6},"end":{"line":64,"column":7}},"type":"if","locations":[{"start":{"line":62,"column":6},"end":{"line":64,"column":7}},{"start":{"line":62,"column":6},"end":{"line":64,"column":7}}],"line":62},"13":{"loc":{"start":{"line":74,"column":6},"end":{"line":74,"column":30}},"type":"if","locations":[{"start":{"line":74,"column":6},"end":{"line":74,"column":30}},{"start":{"line":74,"column":6},"end":{"line":74,"column":30}}],"line":74}},"s":{"0":4,"1":4,"2":4,"3":4,"4":4,"5":269,"6":269,"7":269,"8":269,"9":148,"10":148,"11":148,"12":67,"13":67,"14":67,"15":296,"16":296,"17":296,"18":0,"19":0,"20":0,"21":0,"22":0,"23":0,"24":0,"25":0,"26":0,"27":0,"28":0,"29":0,"30":0,"31":1,"32":1,"33":1,"34":1},"f":{"0":4,"1":269,"2":148,"3":67,"4":296,"5":0,"6":0,"7":0,"8":76,"9":178,"10":12,"11":0,"12":146,"13":66,"14":295},"b":{"0":[1],"1":[4,2],"2":[4,2],"3":[4,4],"4":[4,2],"5":[62],"6":[269,0],"7":[0],"8":[148,0],"9":[0],"10":[67,0],"11":[295],"12":[296,0],"13":[0,0]},"_coverageSchema":"1a1c01bbd47fc00a2c39e90264f33305004495a9","hash":"81f45494ea17cdb1798bedea418eb673e61a81bb","contentHash":"7e2974c98abe0c183dc184fa9be06741e58a838035db16a456db2c11b595edc0"}}